Using pre-set license
Built from '2021.1/staging' branch; Version is '2021.1.5f1 (3737af19df53) revision 3618735'; Using compiler version '192528614'; Build Type 'Release'
OS: 'Windows 10 Home; OS build 22621.674; Version 2009; 64bit' Language: 'en' Physical Memory: 16221 MB
BatchMode: 1, IsHumanControllingUs: 0, StartBugReporterOnCrash: 0, Is64bit: 1, IsPro: 0

 COMMAND LINE ARGUMENTS:
C:\Program Files\Unity\Hub\Editor\2021.1.5f1\Editor\Unity.exe
-adb2
-batchMode
-noUpm
-name
AssetImportWorker1
-projectPath
C:/Users/devis/Project Firestorm
-logFile
Logs/AssetImportWorker1.log
-srvPort
50272
Successfully changed project path to: C:/Users/devis/Project Firestorm
C:/Users/devis/Project Firestorm
Using Asset Import Pipeline V2.
Refreshing native plugins compatible for Editor in 211.51 ms, found 3 plugins.
Preloading 0 native plugins for Editor in 0.00 ms.
Initialize engine version: 2021.1.5f1 (3737af19df53)
[Subsystems] Discovering subsystems at path C:/Program Files/Unity/Hub/Editor/2021.1.5f1/Editor/Data/Resources/UnitySubsystems
[Subsystems] Discovering subsystems at path C:/Users/devis/Project Firestorm/Assets
GfxDevice: creating device client; threaded=0; jobified=0
Direct3D:
    Version:  Direct3D 11.0 [level 11.1]
    Renderer: NVIDIA GeForce GTX 1650 (ID=0x1f91)
    Vendor:   NVIDIA
    VRAM:     3962 MB
    Driver:   31.0.15.1694
Initialize mono
Mono path[0] = 'C:/Program Files/Unity/Hub/Editor/2021.1.5f1/Editor/Data/Managed'
Mono path[1] = 'C:/Program Files/Unity/Hub/Editor/2021.1.5f1/Editor/Data/MonoBleedingEdge/lib/mono/unityjit'
Mono config path = 'C:/Program Files/Unity/Hub/Editor/2021.1.5f1/Editor/Data/MonoBleedingEdge/etc'
Using monoOptions --debugger-agent=transport=dt_socket,embedding=1,server=y,suspend=n,address=127.0.0.1:56316
Begin MonoManager ReloadAssembly
Registering precompiled unity dll's ...
Register platform support module: C:/Program Files/Unity/Hub/Editor/2021.1.5f1/Editor/Data/PlaybackEngines/WebGLSupport/UnityEditor.WebGL.Extensions.dll
Register platform support module: C:/Program Files/Unity/Hub/Editor/2021.1.5f1/Editor/Data/PlaybackEngines/MacStandaloneSupport/UnityEditor.OSXStandalone.Extensions.dll
Register platform support module: C:/Program Files/Unity/Hub/Editor/2021.1.5f1/Editor/Data/PlaybackEngines/WindowsStandaloneSupport/UnityEditor.WindowsStandalone.Extensions.dll
Register platform support module: C:/Program Files/Unity/Hub/Editor/2021.1.5f1/Editor/Data/PlaybackEngines/LinuxStandaloneSupport/UnityEditor.LinuxStandalone.Extensions.dll
Registered in 0.002811 seconds.
Native extension for LinuxStandalone target not found
Native extension for WindowsStandalone target not found
Native extension for OSXStandalone target not found
Native extension for WebGL target not found
Refreshing native plugins compatible for Editor in 191.39 ms, found 3 plugins.
Preloading 0 native plugins for Editor in 0.00 ms.
Mono: successfully reloaded assembly
- Completed reload, in  1.754 seconds
Platform modules already initialized, skipping
Registering precompiled user dll's ...
Registered in 0.008327 seconds.
Begin MonoManager ReloadAssembly
Native extension for LinuxStandalone target not found
Native extension for WindowsStandalone target not found
Native extension for OSXStandalone target not found
Native extension for WebGL target not found
Refreshing native plugins compatible for Editor in 221.30 ms, found 3 plugins.
Preloading 0 native plugins for Editor in 0.00 ms.
Find all reader and writers took 170 milliseconds
Script Module: UnityEngine.UI.dll
Weave behaviours and messages took78 milliseconds
Find all reader and writers took 106 milliseconds
Script Module: Unity.ML-Agents.dll
Weave behaviours and messages took24 milliseconds
Find all reader and writers took 128 milliseconds
Script Module: Unity.RenderPipelines.Core.Runtime.dll
Weave behaviours and messages took56 milliseconds
Find all reader and writers took 148 milliseconds
Script Module: UnityEngine.TestRunner.dll
Weave behaviours and messages took23 milliseconds
Find all reader and writers took 164 milliseconds
Script Module: Unity.InputSystem.dll
Weave behaviours and messages took155 milliseconds
Find all reader and writers took 116 milliseconds
Script Module: Unity.VisualScripting.State.dll
Weave behaviours and messages took4 milliseconds
Find all reader and writers took 104 milliseconds
Script Module: Unity.VisualScripting.Flow.dll
Weave behaviours and messages took77 milliseconds
Find all reader and writers took 118 milliseconds
Script Module: Unity.VisualScripting.Core.dll
Weave behaviours and messages took96 milliseconds
Find all reader and writers took 173 milliseconds
Script Module: Unity.RenderPipelines.HighDefinition.Runtime.dll
Weave behaviours and messages took183 milliseconds
Find all reader and writers took 166 milliseconds
Script Module: Unity.TextMeshPro.dll
Weave behaviours and messages took63 milliseconds
Find all reader and writers took 138 milliseconds
Script Module: Unity.Burst.dll
Weave behaviours and messages took31 milliseconds
Find all reader and writers took 139 milliseconds
Script Module: Unity.ML-Agents.CommunicatorObjects.dll
Weave behaviours and messages took11 milliseconds
Find all reader and writers took 121 milliseconds
Script Module: Cinemachine.dll
Weave behaviours and messages took50 milliseconds
Find all reader and writers took 108 milliseconds
Script Module: Telepathy.dll
Weave behaviours and messages took2 milliseconds
Find all reader and writers took 130 milliseconds
Script Module: Unity.Timeline.dll
