Using pre-set license
Built from '2021.1/staging' branch; Version is '2021.1.5f1 (3737af19df53) revision 3618735'; Using compiler version '192528614'; Build Type 'Release'
OS: 'Windows 10 Home; OS build 22621.674; Version 2009; 64bit' Language: 'en' Physical Memory: 16221 MB
BatchMode: 1, IsHumanControllingUs: 0, StartBugReporterOnCrash: 0, Is64bit: 1, IsPro: 0

 COMMAND LINE ARGUMENTS:
C:\Program Files\Unity\Hub\Editor\2021.1.5f1\Editor\Unity.exe
-adb2
-batchMode
-noUpm
-name
AssetImportWorker0
-projectPath
C:/Users/devis/Project Firestorm
-logFile
Logs/AssetImportWorker0.log
-srvPort
65380
Successfully changed project path to: C:/Users/devis/Project Firestorm
C:/Users/devis/Project Firestorm
Using Asset Import Pipeline V2.
Refreshing native plugins compatible for Editor in 219.90 ms, found 2 plugins.
Preloading 0 native plugins for Editor in 0.00 ms.
Initialize engine version: 2021.1.5f1 (3737af19df53)
[Subsystems] Discovering subsystems at path C:/Program Files/Unity/Hub/Editor/2021.1.5f1/Editor/Data/Resources/UnitySubsystems
[Subsystems] Discovering subsystems at path C:/Users/devis/Project Firestorm/Assets
GfxDevice: creating device client; threaded=0; jobified=0
Direct3D:
    Version:  Direct3D 11.0 [level 11.1]
    Renderer: NVIDIA GeForce GTX 1650 (ID=0x1f91)
    Vendor:   NVIDIA
    VRAM:     3962 MB
    Driver:   31.0.15.1694
Initialize mono
Mono path[0] = 'C:/Program Files/Unity/Hub/Editor/2021.1.5f1/Editor/Data/Managed'
Mono path[1] = 'C:/Program Files/Unity/Hub/Editor/2021.1.5f1/Editor/Data/MonoBleedingEdge/lib/mono/unityjit'
Mono config path = 'C:/Program Files/Unity/Hub/Editor/2021.1.5f1/Editor/Data/MonoBleedingEdge/etc'
Using monoOptions --debugger-agent=transport=dt_socket,embedding=1,server=y,suspend=n,address=127.0.0.1:56556
Begin MonoManager ReloadAssembly
Registering precompiled unity dll's ...
Register platform support module: C:/Program Files/Unity/Hub/Editor/2021.1.5f1/Editor/Data/PlaybackEngines/WebGLSupport/UnityEditor.WebGL.Extensions.dll
Register platform support module: C:/Program Files/Unity/Hub/Editor/2021.1.5f1/Editor/Data/PlaybackEngines/MacStandaloneSupport/UnityEditor.OSXStandalone.Extensions.dll
Register platform support module: C:/Program Files/Unity/Hub/Editor/2021.1.5f1/Editor/Data/PlaybackEngines/WindowsStandaloneSupport/UnityEditor.WindowsStandalone.Extensions.dll
Register platform support module: C:/Program Files/Unity/Hub/Editor/2021.1.5f1/Editor/Data/PlaybackEngines/LinuxStandaloneSupport/UnityEditor.LinuxStandalone.Extensions.dll
Registered in 0.002781 seconds.
Native extension for LinuxStandalone target not found
Native extension for WindowsStandalone target not found
Native extension for OSXStandalone target not found
Native extension for WebGL target not found
Refreshing native plugins compatible for Editor in 212.44 ms, found 2 plugins.
Preloading 0 native plugins for Editor in 0.00 ms.
Mono: successfully reloaded assembly
- Completed reload, in  1.990 seconds
Platform modules already initialized, skipping
Registering precompiled user dll's ...
Registered in 0.013317 seconds.
Begin MonoManager ReloadAssembly
Native extension for LinuxStandalone target not found
Native extension for WindowsStandalone target not found
Native extension for OSXStandalone target not found
Native extension for WebGL target not found
Refreshing native plugins compatible for Editor in 390.06 ms, found 2 plugins.
Preloading 0 native plugins for Editor in 0.00 ms.
Find all reader and writers took 244 milliseconds
Script Module: UnityEngine.UI.dll
Weave behaviours and messages took160 milliseconds
Find all reader and writers took 154 milliseconds
Script Module: Unity.RenderPipelines.Core.Runtime.dll
Weave behaviours and messages took70 milliseconds
Find all reader and writers took 218 milliseconds
Script Module: UnityEngine.TestRunner.dll
Weave behaviours and messages took36 milliseconds
Find all reader and writers took 211 milliseconds
Script Module: Unity.InputSystem.dll
Weave behaviours and messages took208 milliseconds
Find all reader and writers took 116 milliseconds
Script Module: Unity.VisualScripting.State.dll
Weave behaviours and messages took6 milliseconds
Find all reader and writers took 139 milliseconds
Script Module: Unity.VisualScripting.Flow.dll
Weave behaviours and messages took80 milliseconds
Find all reader and writers took 148 milliseconds
Script Module: Unity.VisualScripting.Core.dll
Weave behaviours and messages took141 milliseconds
Find all reader and writers took 170 milliseconds
Script Module: Unity.RenderPipelines.HighDefinition.Runtime.dll
Weave behaviours and messages took218 milliseconds
Find all reader and writers took 182 milliseconds
Script Module: Unity.TextMeshPro.dll
Weave behaviours and messages took74 milliseconds
Find all reader and writers took 150 milliseconds
Script Module: Cinemachine.dll
Weave behaviours and messages took43 milliseconds
Find all reader and writers took 137 milliseconds
Script Module: Telepathy.dll
Weave behaviours and messages took4 milliseconds
Find all reader and writers took 159 milliseconds
Script Module: Unity.Timeline.dll
Weave behaviours and messages took33 milliseconds
Find all reader and writers took 96 milliseconds
Script Module: Unity.VisualEffectGraph.Runtime.dll
Weave behaviours and messages took10 milliseconds
Find all reader and writers took 100 milliseconds
Script Module: SimpleWebTransport.dll
Weave behaviours and messages took4 milliseconds
Find all reader and writers took 119 milliseconds
Script Module: kcp2k.dll
Weave behaviours and messages took3 milliseconds
Find all reader and writers took 109 milliseconds
Script Module: Unity.RenderPipelines.ShaderGraph.ShaderGraphLibrary.dll
Weave behaviours and messages took0 milliseconds
Find all reader and writers took 126 milliseconds
Script Module: Unity.RenderPipelines.Core.ShaderLibrary.dll
Weave behaviours and messages took0 milliseconds
Find all reader and writers took 139 milliseconds
Script Module: Unity.RenderPipelines.HighDefinition.Config.Runtime.dll
Weave behaviours and messages took0 milliseconds
Find all reader and writers took 134 milliseconds
Script Module: com.unity.cinemachine.editor.dll
Weave behaviours and messages took26 milliseconds
Find all reader and writers took 185 milliseconds
Script Module: VSSettingsProvider.dll
Weave behaviours and messages took1 milliseconds
Find all reader and writers took 134 milliseconds
Script Module: UnityEditor.TestRunner.dll
Weave behaviours and messages took35 milliseconds
Find all reader and writers took 217 milliseconds
Script Module: Unity.Toolchain.Win-x86_64-Linux-x86_64.dll
Weave behaviours and messages took0 milliseconds
Find all reader and writers took 158 milliseconds
Script Module: UnityEditor.UI.dll
Weave behaviours and messages took14 milliseconds
Find all reader and writers took 126 milliseconds
Script Module: Unity.ShaderGraph.Utilities.dll
Weave behaviours and messages took0 milliseconds
Find all reader and writers took 264 milliseconds
Script Module: Unity.Sysroot.Linux_x86_64.dll
Weave behaviours and messages took0 milliseconds
Find all reader and writers took 175 milliseconds
Script Module: Mirror.CompilerSymbols.dll
Weave behaviours and messages took0 milliseconds
Mono: successfully reloaded assembly
- Completed reload, in 18.694 seconds
Platform modules already initialized, skipping
========================================================================
Worker process is ready to serve import requests
Launched and connected shader compiler UnityShaderCompiler.exe after 0.05 seconds
Refreshing native plugins compatible for Editor in 1.77 ms, found 2 plugins.
Preloading 0 native plugins for Editor in 0.00 ms.
Unloading 5771 Unused Serialized files (Serialized files now loaded: 0)
System memory in use before: 237.8 MB.
System memory in use after: 235.4 MB.

Unloading 56 unused Assets to reduce memory usage. Loaded Objects now: 6203.
Total: 6.734300 ms (FindLiveObjects: 0.511000 ms CreateObjectMapping: 0.488600 ms MarkObjects: 3.930200 ms  DeleteObjects: 1.802600 ms)

========================================================================
Received Import Request.
  path: Assets/Scripts/FPSAI.cs
  artifactKey: Guid(b909b81084d6e2a448dac3d6e09d09a1) Importer(815301076,1909f56bfc062723c751e8b465ee728b)
Start importing Assets/Scripts/FPSAI.cs using Guid(b909b81084d6e2a448dac3d6e09d09a1) Importer(815301076,1909f56bfc062723c751e8b465ee728b)  -> (artifact id: '88b8c302aec2070bad62da6fd7028fe8') in 0.118147 seconds 
========================================================================
Received Prepare
Registering precompiled user dll's ...
Registered in 0.005545 seconds.
Begin MonoManager ReloadAssembly
Native extension for LinuxStandalone target not found
Native extension for WindowsStandalone target not found
Native extension for OSXStandalone target not found
Native extension for WebGL target not found
Refreshing native plugins compatible for Editor in 1.48 ms, found 2 plugins.
Preloading 0 native plugins for Editor in 0.00 ms.
Mono: successfully reloaded assembly
- Completed reload, in  1.516 seconds
Platform modules already initialized, skipping
Refreshing native plugins compatible for Editor in 1.09 ms, found 2 plugins.
Preloading 0 native plugins for Editor in 0.00 ms.
Unloading 5508 Unused Serialized files (Serialized files now loaded: 0)
System memory in use before: 224.8 MB.
System memory in use after: 222.5 MB.

Unloading 49 unused Assets to reduce memory usage. Loaded Objects now: 6206.
Total: 11.590700 ms (FindLiveObjects: 1.858100 ms CreateObjectMapping: 1.490200 ms MarkObjects: 5.701400 ms  DeleteObjects: 2.538800 ms)

========================================================================
Received Prepare
Registering precompiled user dll's ...
Registered in 0.005681 seconds.
Begin MonoManager ReloadAssembly
Native extension for LinuxStandalone target not found
Native extension for WindowsStandalone target not found
Native extension for OSXStandalone target not found
Native extension for WebGL target not found
Refreshing native plugins compatible for Editor in 1.73 ms, found 2 plugins.
Preloading 0 native plugins for Editor in 0.00 ms.
Mono: successfully reloaded assembly
- Completed reload, in  1.816 seconds
Platform modules already initialized, skipping
Refreshing native plugins compatible for Editor in 1.16 ms, found 2 plugins.
Preloading 0 native plugins for Editor in 0.00 ms.
Unloading 5508 Unused Serialized files (Serialized files now loaded: 0)
System memory in use before: 224.9 MB.
System memory in use after: 222.6 MB.

Unloading 49 unused Assets to reduce memory usage. Loaded Objects now: 6209.
Total: 7.391700 ms (FindLiveObjects: 0.760600 ms CreateObjectMapping: 0.513600 ms MarkObjects: 3.867500 ms  DeleteObjects: 2.247000 ms)

========================================================================
Received Prepare
Registering precompiled user dll's ...
Registered in 0.009341 seconds.
Begin MonoManager ReloadAssembly
Native extension for LinuxStandalone target not found
Native extension for WindowsStandalone target not found
Native extension for OSXStandalone target not found
Native extension for WebGL target not found
Refreshing native plugins compatible for Editor in 1.07 ms, found 2 plugins.
Preloading 0 native plugins for Editor in 0.00 ms.
Mono: successfully reloaded assembly
- Completed reload, in  1.593 seconds
Platform modules already initialized, skipping
Refreshing native plugins compatible for Editor in 1.16 ms, found 2 plugins.
Preloading 0 native plugins for Editor in 0.00 ms.
Unloading 5508 Unused Serialized files (Serialized files now loaded: 0)
System memory in use before: 225.0 MB.
System memory in use after: 222.6 MB.

Unloading 49 unused Assets to reduce memory usage. Loaded Objects now: 6212.
Total: 7.032600 ms (FindLiveObjects: 0.515800 ms CreateObjectMapping: 0.418400 ms MarkObjects: 3.546500 ms  DeleteObjects: 2.550500 ms)

========================================================================
Received Prepare
Registering precompiled user dll's ...
Registered in 0.006713 seconds.
Begin MonoManager ReloadAssembly
Native extension for LinuxStandalone target not found
Native extension for WindowsStandalone target not found
Native extension for OSXStandalone target not found
Native extension for WebGL target not found
Refreshing native plugins compatible for Editor in 1.50 ms, found 2 plugins.
Preloading 0 native plugins for Editor in 0.00 ms.
Mono: successfully reloaded assembly
- Completed reload, in  1.908 seconds
Platform modules already initialized, skipping
Refreshing native plugins compatible for Editor in 1.17 ms, found 2 plugins.
Preloading 0 native plugins for Editor in 0.00 ms.
Unloading 5508 Unused Serialized files (Serialized files now loaded: 0)
System memory in use before: 225.0 MB.
System memory in use after: 222.6 MB.

Unloading 49 unused Assets to reduce memory usage. Loaded Objects now: 6215.
Total: 6.711000 ms (FindLiveObjects: 0.558300 ms CreateObjectMapping: 0.478600 ms MarkObjects: 3.327600 ms  DeleteObjects: 2.344600 ms)

========================================================================
Received Prepare
Registering precompiled user dll's ...
Registered in 0.005611 seconds.
Begin MonoManager ReloadAssembly
Native extension for LinuxStandalone target not found
Native extension for WindowsStandalone target not found
Native extension for OSXStandalone target not found
Native extension for WebGL target not found
Refreshing native plugins compatible for Editor in 1.74 ms, found 2 plugins.
Preloading 0 native plugins for Editor in 0.00 ms.
Mono: successfully reloaded assembly
- Completed reload, in  1.590 seconds
Platform modules already initialized, skipping
Refreshing native plugins compatible for Editor in 1.08 ms, found 2 plugins.
Preloading 0 native plugins for Editor in 0.00 ms.
Unloading 5508 Unused Serialized files (Serialized files now loaded: 0)
System memory in use before: 225.0 MB.
System memory in use after: 222.7 MB.

Unloading 49 unused Assets to reduce memory usage. Loaded Objects now: 6218.
Total: 6.076000 ms (FindLiveObjects: 0.479700 ms CreateObjectMapping: 0.358800 ms MarkObjects: 3.031300 ms  DeleteObjects: 2.205000 ms)

========================================================================
Received Prepare
Registering precompiled user dll's ...
Registered in 0.006118 seconds.
Begin MonoManager ReloadAssembly
Native extension for LinuxStandalone target not found
Native extension for WindowsStandalone target not found
Native extension for OSXStandalone target not found
Native extension for WebGL target not found
Refreshing native plugins compatible for Editor in 1.11 ms, found 2 plugins.
Preloading 0 native plugins for Editor in 0.00 ms.
Mono: successfully reloaded assembly
- Completed reload, in  1.579 seconds
Platform modules already initialized, skipping
Refreshing native plugins compatible for Editor in 1.13 ms, found 2 plugins.
Preloading 0 native plugins for Editor in 0.00 ms.
Unloading 5508 Unused Serialized files (Serialized files now loaded: 0)
System memory in use before: 225.0 MB.
System memory in use after: 222.7 MB.

Unloading 49 unused Assets to reduce memory usage. Loaded Objects now: 6221.
Total: 8.032500 ms (FindLiveObjects: 0.452500 ms CreateObjectMapping: 0.443200 ms MarkObjects: 4.400600 ms  DeleteObjects: 2.734700 ms)

========================================================================
Received Prepare
Registering precompiled user dll's ...
Registered in 0.005771 seconds.
Begin MonoManager ReloadAssembly
Native extension for LinuxStandalone target not found
Native extension for WindowsStandalone target not found
Native extension for OSXStandalone target not found
Native extension for WebGL target not found
Refreshing native plugins compatible for Editor in 1.57 ms, found 2 plugins.
Preloading 0 native plugins for Editor in 0.00 ms.
Mono: successfully reloaded assembly
- Completed reload, in  1.505 seconds
Platform modules already initialized, skipping
Refreshing native plugins compatible for Editor in 1.41 ms, found 2 plugins.
Preloading 0 native plugins for Editor in 0.00 ms.
Unloading 5508 Unused Serialized files (Serialized files now loaded: 0)
System memory in use before: 225.0 MB.
System memory in use after: 222.7 MB.

Unloading 49 unused Assets to reduce memory usage. Loaded Objects now: 6224.
Total: 10.098900 ms (FindLiveObjects: 1.186100 ms CreateObjectMapping: 0.831000 ms MarkObjects: 5.898000 ms  DeleteObjects: 2.181700 ms)

========================================================================
Received Prepare
Registering precompiled user dll's ...
Registered in 0.007367 seconds.
Begin MonoManager ReloadAssembly
Native extension for LinuxStandalone target not found
Native extension for WindowsStandalone target not found
Native extension for OSXStandalone target not found
Native extension for WebGL target not found
Refreshing native plugins compatible for Editor in 1.16 ms, found 2 plugins.
Preloading 0 native plugins for Editor in 0.00 ms.
Mono: successfully reloaded assembly
- Completed reload, in  1.633 seconds
Platform modules already initialized, skipping
Refreshing native plugins compatible for Editor in 1.03 ms, found 2 plugins.
Preloading 0 native plugins for Editor in 0.00 ms.
Unloading 5508 Unused Serialized files (Serialized files now loaded: 0)
System memory in use before: 225.1 MB.
System memory in use after: 222.7 MB.

Unloading 49 unused Assets to reduce memory usage. Loaded Objects now: 6227.
Total: 6.839500 ms (FindLiveObjects: 0.491600 ms CreateObjectMapping: 0.456000 ms MarkObjects: 3.612300 ms  DeleteObjects: 2.278400 ms)

========================================================================
Received Prepare
Registering precompiled user dll's ...
Registered in 0.005011 seconds.
Begin MonoManager ReloadAssembly
Native extension for LinuxStandalone target not found
Native extension for WindowsStandalone target not found
Native extension for OSXStandalone target not found
Native extension for WebGL target not found
Refreshing native plugins compatible for Editor in 1.87 ms, found 2 plugins.
Preloading 0 native plugins for Editor in 0.00 ms.
Mono: successfully reloaded assembly
- Completed reload, in  1.534 seconds
Platform modules already initialized, skipping
Refreshing native plugins compatible for Editor in 1.08 ms, found 2 plugins.
Preloading 0 native plugins for Editor in 0.00 ms.
Unloading 5508 Unused Serialized files (Serialized files now loaded: 0)
System memory in use before: 225.1 MB.
System memory in use after: 222.7 MB.

Unloading 49 unused Assets to reduce memory usage. Loaded Objects now: 6230.
Total: 6.152200 ms (FindLiveObjects: 0.505600 ms CreateObjectMapping: 0.527700 ms MarkObjects: 3.057500 ms  DeleteObjects: 2.060000 ms)

========================================================================
Received Prepare
Registering precompiled user dll's ...
Registered in 0.007406 seconds.
Begin MonoManager ReloadAssembly
Native extension for LinuxStandalone target not found
Native extension for WindowsStandalone target not found
Native extension for OSXStandalone target not found
Native extension for WebGL target not found
Refreshing native plugins compatible for Editor in 1.09 ms, found 2 plugins.
Preloading 0 native plugins for Editor in 0.00 ms.
Mono: successfully reloaded assembly
- Completed reload, in  1.444 seconds
Platform modules already initialized, skipping
Refreshing native plugins compatible for Editor in 1.15 ms, found 2 plugins.
Preloading 0 native plugins for Editor in 0.00 ms.
Unloading 5508 Unused Serialized files (Serialized files now loaded: 0)
System memory in use before: 225.1 MB.
System memory in use after: 222.7 MB.

Unloading 49 unused Assets to reduce memory usage. Loaded Objects now: 6233.
Total: 7.156600 ms (FindLiveObjects: 0.538800 ms CreateObjectMapping: 0.452200 ms MarkObjects: 3.717300 ms  DeleteObjects: 2.446800 ms)

========================================================================
Received Prepare
Registering precompiled user dll's ...
Registered in 0.005155 seconds.
Begin MonoManager ReloadAssembly
Native extension for LinuxStandalone target not found
Native extension for WindowsStandalone target not found
Native extension for OSXStandalone target not found
Native extension for WebGL target not found
Refreshing native plugins compatible for Editor in 1.07 ms, found 2 plugins.
Preloading 0 native plugins for Editor in 0.00 ms.
Mono: successfully reloaded assembly
- Completed reload, in  1.418 seconds
Platform modules already initialized, skipping
Refreshing native plugins compatible for Editor in 1.08 ms, found 2 plugins.
Preloading 0 native plugins for Editor in 0.00 ms.
Unloading 5508 Unused Serialized files (Serialized files now loaded: 0)
System memory in use before: 225.3 MB.
System memory in use after: 222.9 MB.

Unloading 49 unused Assets to reduce memory usage. Loaded Objects now: 6236.
Total: 5.646500 ms (FindLiveObjects: 0.498200 ms CreateObjectMapping: 0.426200 ms MarkObjects: 2.834400 ms  DeleteObjects: 1.886300 ms)

========================================================================
Received Prepare
Registering precompiled user dll's ...
Registered in 0.007723 seconds.
Begin MonoManager ReloadAssembly
Native extension for LinuxStandalone target not found
Native extension for WindowsStandalone target not found
Native extension for OSXStandalone target not found
Native extension for WebGL target not found
Refreshing native plugins compatible for Editor in 1.06 ms, found 2 plugins.
Preloading 0 native plugins for Editor in 0.00 ms.
Mono: successfully reloaded assembly
- Completed reload, in  1.676 seconds
Platform modules already initialized, skipping
Refreshing native plugins compatible for Editor in 1.16 ms, found 2 plugins.
Preloading 0 native plugins for Editor in 0.00 ms.
Unloading 5508 Unused Serialized files (Serialized files now loaded: 0)
System memory in use before: 225.3 MB.
System memory in use after: 222.9 MB.

Unloading 49 unused Assets to reduce memory usage. Loaded Objects now: 6239.
Total: 7.064300 ms (FindLiveObjects: 0.598000 ms CreateObjectMapping: 0.534200 ms MarkObjects: 4.019100 ms  DeleteObjects: 1.911100 ms)

========================================================================
Received Prepare
Registering precompiled user dll's ...
Registered in 0.005629 seconds.
Begin MonoManager ReloadAssembly
Native extension for LinuxStandalone target not found
Native extension for WindowsStandalone target not found
Native extension for OSXStandalone target not found
Native extension for WebGL target not found
Refreshing native plugins compatible for Editor in 1.05 ms, found 2 plugins.
Preloading 0 native plugins for Editor in 0.00 ms.
Mono: successfully reloaded assembly
- Completed reload, in  1.517 seconds
Platform modules already initialized, skipping
Refreshing native plugins compatible for Editor in 1.38 ms, found 2 plugins.
Preloading 0 native plugins for Editor in 0.00 ms.
Unloading 5508 Unused Serialized files (Serialized files now loaded: 0)
System memory in use before: 225.3 MB.
System memory in use after: 222.9 MB.

Unloading 49 unused Assets to reduce memory usage. Loaded Objects now: 6242.
Total: 6.003300 ms (FindLiveObjects: 0.749900 ms CreateObjectMapping: 0.512900 ms MarkObjects: 2.868400 ms  DeleteObjects: 1.870600 ms)

========================================================================
Received Prepare
Registering precompiled user dll's ...
Registered in 0.005993 seconds.
Begin MonoManager ReloadAssembly
Native extension for LinuxStandalone target not found
Native extension for WindowsStandalone target not found
Native extension for OSXStandalone target not found
Native extension for WebGL target not found
Refreshing native plugins compatible for Editor in 1.08 ms, found 2 plugins.
Preloading 0 native plugins for Editor in 0.00 ms.
Mono: successfully reloaded assembly
- Completed reload, in  1.588 seconds
Platform modules already initialized, skipping
Refreshing native plugins compatible for Editor in 1.08 ms, found 2 plugins.
Preloading 0 native plugins for Editor in 0.00 ms.
Unloading 5508 Unused Serialized files (Serialized files now loaded: 0)
System memory in use before: 225.3 MB.
System memory in use after: 222.9 MB.

Unloading 49 unused Assets to reduce memory usage. Loaded Objects now: 6245.
Total: 6.157000 ms (FindLiveObjects: 0.493000 ms CreateObjectMapping: 0.355500 ms MarkObjects: 3.340500 ms  DeleteObjects: 1.966200 ms)

========================================================================
Received Prepare
Registering precompiled user dll's ...
Registered in 0.004896 seconds.
Begin MonoManager ReloadAssembly
Native extension for LinuxStandalone target not found
Native extension for WindowsStandalone target not found
Native extension for OSXStandalone target not found
Native extension for WebGL target not found
Refreshing native plugins compatible for Editor in 1.18 ms, found 2 plugins.
Preloading 0 native plugins for Editor in 0.00 ms.
Mono: successfully reloaded assembly
- Completed reload, in  1.641 seconds
Platform modules already initialized, skipping
Refreshing native plugins compatible for Editor in 1.19 ms, found 2 plugins.
Preloading 0 native plugins for Editor in 0.00 ms.
Unloading 5508 Unused Serialized files (Serialized files now loaded: 0)
System memory in use before: 225.3 MB.
System memory in use after: 222.9 MB.

Unloading 49 unused Assets to reduce memory usage. Loaded Objects now: 6248.
Total: 6.299200 ms (FindLiveObjects: 0.516400 ms CreateObjectMapping: 0.379700 ms MarkObjects: 3.315700 ms  DeleteObjects: 2.084000 ms)

========================================================================
Received Prepare
Registering precompiled user dll's ...
Registered in 0.005385 seconds.
Begin MonoManager ReloadAssembly
Native extension for LinuxStandalone target not found
Native extension for WindowsStandalone target not found
Native extension for OSXStandalone target not found
Native extension for WebGL target not found
Refreshing native plugins compatible for Editor in 1.04 ms, found 2 plugins.
Preloading 0 native plugins for Editor in 0.00 ms.
Mono: successfully reloaded assembly
- Completed reload, in  1.615 seconds
Platform modules already initialized, skipping
Refreshing native plugins compatible for Editor in 1.15 ms, found 2 plugins.
Preloading 0 native plugins for Editor in 0.00 ms.
Unloading 5508 Unused Serialized files (Serialized files now loaded: 0)
System memory in use before: 225.3 MB.
System memory in use after: 223.0 MB.

Unloading 49 unused Assets to reduce memory usage. Loaded Objects now: 6251.
Total: 6.120000 ms (FindLiveObjects: 0.514500 ms CreateObjectMapping: 0.436700 ms MarkObjects: 3.305400 ms  DeleteObjects: 1.861400 ms)

========================================================================
Received Prepare
Registering precompiled user dll's ...
Registered in 0.005311 seconds.
Begin MonoManager ReloadAssembly
Native extension for LinuxStandalone target not found
Native extension for WindowsStandalone target not found
Native extension for OSXStandalone target not found
Native extension for WebGL target not found
Refreshing native plugins compatible for Editor in 1.21 ms, found 2 plugins.
Preloading 0 native plugins for Editor in 0.00 ms.
Mono: successfully reloaded assembly
- Completed reload, in  1.645 seconds
Platform modules already initialized, skipping
Refreshing native plugins compatible for Editor in 1.13 ms, found 2 plugins.
Preloading 0 native plugins for Editor in 0.00 ms.
Unloading 5508 Unused Serialized files (Serialized files now loaded: 0)
System memory in use before: 225.3 MB.
System memory in use after: 223.0 MB.

Unloading 49 unused Assets to reduce memory usage. Loaded Objects now: 6254.
Total: 6.024900 ms (FindLiveObjects: 0.477200 ms CreateObjectMapping: 0.382900 ms MarkObjects: 3.085300 ms  DeleteObjects: 2.077600 ms)

========================================================================
Received Prepare
Registering precompiled user dll's ...
Registered in 0.007149 seconds.
Begin MonoManager ReloadAssembly
Native extension for LinuxStandalone target not found
Native extension for WindowsStandalone target not found
Native extension for OSXStandalone target not found
Native extension for WebGL target not found
Refreshing native plugins compatible for Editor in 1.73 ms, found 2 plugins.
Preloading 0 native plugins for Editor in 0.00 ms.
Mono: successfully reloaded assembly
- Completed reload, in  1.584 seconds
Platform modules already initialized, skipping
Refreshing native plugins compatible for Editor in 1.05 ms, found 2 plugins.
Preloading 0 native plugins for Editor in 0.00 ms.
Unloading 5508 Unused Serialized files (Serialized files now loaded: 0)
System memory in use before: 225.3 MB.
System memory in use after: 223.0 MB.

Unloading 49 unused Assets to reduce memory usage. Loaded Objects now: 6257.
Total: 6.243400 ms (FindLiveObjects: 0.527400 ms CreateObjectMapping: 0.342900 ms MarkObjects: 3.078400 ms  DeleteObjects: 2.293100 ms)

========================================================================
Received Prepare
Registering precompiled user dll's ...
Registered in 0.005373 seconds.
Begin MonoManager ReloadAssembly
Native extension for LinuxStandalone target not found
Native extension for WindowsStandalone target not found
Native extension for OSXStandalone target not found
Native extension for WebGL target not found
Refreshing native plugins compatible for Editor in 1.83 ms, found 2 plugins.
Preloading 0 native plugins for Editor in 0.00 ms.
Mono: successfully reloaded assembly
- Completed reload, in  1.716 seconds
Platform modules already initialized, skipping
Refreshing native plugins compatible for Editor in 1.20 ms, found 2 plugins.
Preloading 0 native plugins for Editor in 0.00 ms.
Unloading 5508 Unused Serialized files (Serialized files now loaded: 0)
System memory in use before: 225.3 MB.
System memory in use after: 223.0 MB.

Unloading 49 unused Assets to reduce memory usage. Loaded Objects now: 6260.
Total: 6.102300 ms (FindLiveObjects: 0.497400 ms CreateObjectMapping: 0.370900 ms MarkObjects: 3.171100 ms  DeleteObjects: 2.061700 ms)

========================================================================
Received Prepare
Registering precompiled user dll's ...
Registered in 0.007900 seconds.
Begin MonoManager ReloadAssembly
Native extension for LinuxStandalone target not found
Native extension for WindowsStandalone target not found
Native extension for OSXStandalone target not found
Native extension for WebGL target not found
Refreshing native plugins compatible for Editor in 1.58 ms, found 2 plugins.
Preloading 0 native plugins for Editor in 0.00 ms.
Mono: successfully reloaded assembly
- Completed reload, in  1.651 seconds
Platform modules already initialized, skipping
Refreshing native plugins compatible for Editor in 1.03 ms, found 2 plugins.
Preloading 0 native plugins for Editor in 0.00 ms.
Unloading 5508 Unused Serialized files (Serialized files now loaded: 0)
System memory in use before: 225.3 MB.
System memory in use after: 223.0 MB.

Unloading 49 unused Assets to reduce memory usage. Loaded Objects now: 6263.
Total: 6.463800 ms (FindLiveObjects: 0.601500 ms CreateObjectMapping: 0.437700 ms MarkObjects: 3.528000 ms  DeleteObjects: 1.895400 ms)

========================================================================
Received Prepare
Registering precompiled user dll's ...
Registered in 0.007233 seconds.
Begin MonoManager ReloadAssembly
Native extension for LinuxStandalone target not found
Native extension for WindowsStandalone target not found
Native extension for OSXStandalone target not found
Native extension for WebGL target not found
Refreshing native plugins compatible for Editor in 1.82 ms, found 2 plugins.
Preloading 0 native plugins for Editor in 0.00 ms.
Mono: successfully reloaded assembly
- Completed reload, in  1.581 seconds
Platform modules already initialized, skipping
Refreshing native plugins compatible for Editor in 1.41 ms, found 2 plugins.
Preloading 0 native plugins for Editor in 0.00 ms.
Unloading 5508 Unused Serialized files (Serialized files now loaded: 0)
System memory in use before: 225.4 MB.
System memory in use after: 223.0 MB.

Unloading 49 unused Assets to reduce memory usage. Loaded Objects now: 6266.
Total: 6.765300 ms (FindLiveObjects: 0.494500 ms CreateObjectMapping: 0.374500 ms MarkObjects: 3.652100 ms  DeleteObjects: 2.242800 ms)

========================================================================
Received Prepare
Registering precompiled user dll's ...
Registered in 0.005985 seconds.
Begin MonoManager ReloadAssembly
Native extension for LinuxStandalone target not found
Native extension for WindowsStandalone target not found
Native extension for OSXStandalone target not found
Native extension for WebGL target not found
Refreshing native plugins compatible for Editor in 1.70 ms, found 2 plugins.
Preloading 0 native plugins for Editor in 0.00 ms.
Mono: successfully reloaded assembly
- Completed reload, in  1.822 seconds
Platform modules already initialized, skipping
Refreshing native plugins compatible for Editor in 1.07 ms, found 2 plugins.
Preloading 0 native plugins for Editor in 0.00 ms.
Unloading 5508 Unused Serialized files (Serialized files now loaded: 0)
System memory in use before: 225.4 MB.
System memory in use after: 223.0 MB.

Unloading 49 unused Assets to reduce memory usage. Loaded Objects now: 6269.
Total: 5.945500 ms (FindLiveObjects: 0.513000 ms CreateObjectMapping: 0.515600 ms MarkObjects: 3.003400 ms  DeleteObjects: 1.912000 ms)

========================================================================
Received Prepare
Registering precompiled user dll's ...
Registered in 0.006537 seconds.
Begin MonoManager ReloadAssembly
Native extension for LinuxStandalone target not found
Native extension for WindowsStandalone target not found
Native extension for OSXStandalone target not found
Native extension for WebGL target not found
Refreshing native plugins compatible for Editor in 1.03 ms, found 2 plugins.
Preloading 0 native plugins for Editor in 0.00 ms.
Mono: successfully reloaded assembly
- Completed reload, in  1.502 seconds
Platform modules already initialized, skipping
Refreshing native plugins compatible for Editor in 0.99 ms, found 2 plugins.
Preloading 0 native plugins for Editor in 0.00 ms.
Unloading 5508 Unused Serialized files (Serialized files now loaded: 0)
System memory in use before: 225.4 MB.
System memory in use after: 223.0 MB.

Unloading 49 unused Assets to reduce memory usage. Loaded Objects now: 6272.
Total: 5.990900 ms (FindLiveObjects: 0.464600 ms CreateObjectMapping: 0.370600 ms MarkObjects: 3.213900 ms  DeleteObjects: 1.940200 ms)

========================================================================
Received Prepare
Registering precompiled user dll's ...
Registered in 0.008214 seconds.
Begin MonoManager ReloadAssembly
Native extension for LinuxStandalone target not found
Native extension for WindowsStandalone target not found
Native extension for OSXStandalone target not found
Native extension for WebGL target not found
Refreshing native plugins compatible for Editor in 1.19 ms, found 2 plugins.
Preloading 0 native plugins for Editor in 0.00 ms.
Mono: successfully reloaded assembly
- Completed reload, in  1.556 seconds
Platform modules already initialized, skipping
Refreshing native plugins compatible for Editor in 1.15 ms, found 2 plugins.
Preloading 0 native plugins for Editor in 0.00 ms.
Unloading 5508 Unused Serialized files (Serialized files now loaded: 0)
System memory in use before: 225.4 MB.
System memory in use after: 223.0 MB.

Unloading 49 unused Assets to reduce memory usage. Loaded Objects now: 6275.
Total: 5.875100 ms (FindLiveObjects: 0.599300 ms CreateObjectMapping: 0.470400 ms MarkObjects: 2.912400 ms  DeleteObjects: 1.891100 ms)

========================================================================
Received Prepare
Registering precompiled user dll's ...
Registered in 0.004807 seconds.
Begin MonoManager ReloadAssembly
Native extension for LinuxStandalone target not found
Native extension for WindowsStandalone target not found
Native extension for OSXStandalone target not found
Native extension for WebGL target not found
Refreshing native plugins compatible for Editor in 1.04 ms, found 2 plugins.
Preloading 0 native plugins for Editor in 0.00 ms.
Mono: successfully reloaded assembly
- Completed reload, in  1.509 seconds
Platform modules already initialized, skipping
Refreshing native plugins compatible for Editor in 1.12 ms, found 2 plugins.
Preloading 0 native plugins for Editor in 0.00 ms.
Unloading 5508 Unused Serialized files (Serialized files now loaded: 0)
System memory in use before: 225.4 MB.
System memory in use after: 223.0 MB.

Unloading 49 unused Assets to reduce memory usage. Loaded Objects now: 6278.
Total: 6.371700 ms (FindLiveObjects: 0.492700 ms CreateObjectMapping: 0.372300 ms MarkObjects: 3.264400 ms  DeleteObjects: 2.240900 ms)

========================================================================
Received Prepare
Registering precompiled user dll's ...
Registered in 0.005363 seconds.
Begin MonoManager ReloadAssembly
Native extension for LinuxStandalone target not found
Native extension for WindowsStandalone target not found
Native extension for OSXStandalone target not found
Native extension for WebGL target not found
Refreshing native plugins compatible for Editor in 1.06 ms, found 2 plugins.
Preloading 0 native plugins for Editor in 0.00 ms.
Mono: successfully reloaded assembly
- Completed reload, in  1.630 seconds
Platform modules already initialized, skipping
Refreshing native plugins compatible for Editor in 1.32 ms, found 2 plugins.
Preloading 0 native plugins for Editor in 0.00 ms.
Unloading 5508 Unused Serialized files (Serialized files now loaded: 0)
System memory in use before: 225.4 MB.
System memory in use after: 223.0 MB.

Unloading 49 unused Assets to reduce memory usage. Loaded Objects now: 6281.
Total: 7.686600 ms (FindLiveObjects: 0.795700 ms CreateObjectMapping: 0.612600 ms MarkObjects: 4.253600 ms  DeleteObjects: 2.022900 ms)

========================================================================
Received Prepare
Registering precompiled user dll's ...
Registered in 0.007370 seconds.
Begin MonoManager ReloadAssembly
Native extension for LinuxStandalone target not found
Native extension for WindowsStandalone target not found
Native extension for OSXStandalone target not found
Native extension for WebGL target not found
Refreshing native plugins compatible for Editor in 1.74 ms, found 2 plugins.
Preloading 0 native plugins for Editor in 0.00 ms.
Mono: successfully reloaded assembly
- Completed reload, in  1.636 seconds
Platform modules already initialized, skipping
Refreshing native plugins compatible for Editor in 1.23 ms, found 2 plugins.
Preloading 0 native plugins for Editor in 0.00 ms.
Unloading 5508 Unused Serialized files (Serialized files now loaded: 0)
System memory in use before: 225.4 MB.
System memory in use after: 223.0 MB.

Unloading 49 unused Assets to reduce memory usage. Loaded Objects now: 6284.
Total: 6.669100 ms (FindLiveObjects: 0.751400 ms CreateObjectMapping: 0.628200 ms MarkObjects: 3.267400 ms  DeleteObjects: 2.020000 ms)

========================================================================
Received Prepare
Registering precompiled user dll's ...
Registered in 0.005601 seconds.
Begin MonoManager ReloadAssembly
Native extension for LinuxStandalone target not found
Native extension for WindowsStandalone target not found
Native extension for OSXStandalone target not found
Native extension for WebGL target not found
Refreshing native plugins compatible for Editor in 1.04 ms, found 2 plugins.
Preloading 0 native plugins for Editor in 0.00 ms.
Mono: successfully reloaded assembly
- Completed reload, in  1.541 seconds
Platform modules already initialized, skipping
Refreshing native plugins compatible for Editor in 1.07 ms, found 2 plugins.
Preloading 0 native plugins for Editor in 0.00 ms.
Unloading 5508 Unused Serialized files (Serialized files now loaded: 0)
System memory in use before: 225.4 MB.
System memory in use after: 223.0 MB.

Unloading 49 unused Assets to reduce memory usage. Loaded Objects now: 6287.
Total: 6.181600 ms (FindLiveObjects: 0.524300 ms CreateObjectMapping: 0.376500 ms MarkObjects: 3.186700 ms  DeleteObjects: 2.092900 ms)

========================================================================
Received Prepare
Registering precompiled user dll's ...
Registered in 0.005360 seconds.
Begin MonoManager ReloadAssembly
Native extension for LinuxStandalone target not found
Native extension for WindowsStandalone target not found
Native extension for OSXStandalone target not found
Native extension for WebGL target not found
Refreshing native plugins compatible for Editor in 1.85 ms, found 2 plugins.
Preloading 0 native plugins for Editor in 0.00 ms.
Mono: successfully reloaded assembly
- Completed reload, in  1.587 seconds
Platform modules already initialized, skipping
Refreshing native plugins compatible for Editor in 1.21 ms, found 2 plugins.
Preloading 0 native plugins for Editor in 0.00 ms.
Unloading 5508 Unused Serialized files (Serialized files now loaded: 0)
System memory in use before: 225.4 MB.
System memory in use after: 223.1 MB.

Unloading 49 unused Assets to reduce memory usage. Loaded Objects now: 6290.
Total: 6.311400 ms (FindLiveObjects: 0.516000 ms CreateObjectMapping: 0.473800 ms MarkObjects: 3.237200 ms  DeleteObjects: 2.083100 ms)

========================================================================
Received Prepare
Registering precompiled user dll's ...
Registered in 0.005458 seconds.
Begin MonoManager ReloadAssembly
Native extension for LinuxStandalone target not found
Native extension for WindowsStandalone target not found
Native extension for OSXStandalone target not found
Native extension for WebGL target not found
Refreshing native plugins compatible for Editor in 1.28 ms, found 2 plugins.
Preloading 0 native plugins for Editor in 0.00 ms.
Mono: successfully reloaded assembly
- Completed reload, in  1.616 seconds
Platform modules already initialized, skipping
Refreshing native plugins compatible for Editor in 1.12 ms, found 2 plugins.
Preloading 0 native plugins for Editor in 0.00 ms.
Unloading 5508 Unused Serialized files (Serialized files now loaded: 0)
System memory in use before: 225.4 MB.
System memory in use after: 223.1 MB.

Unloading 49 unused Assets to reduce memory usage. Loaded Objects now: 6293.
Total: 6.560000 ms (FindLiveObjects: 0.541600 ms CreateObjectMapping: 0.497700 ms MarkObjects: 3.332200 ms  DeleteObjects: 2.187100 ms)

========================================================================
Received Prepare
Registering precompiled user dll's ...
Registered in 0.005733 seconds.
Begin MonoManager ReloadAssembly
Native extension for LinuxStandalone target not found
Native extension for WindowsStandalone target not found
Native extension for OSXStandalone target not found
Native extension for WebGL target not found
Refreshing native plugins compatible for Editor in 1.10 ms, found 2 plugins.
Preloading 0 native plugins for Editor in 0.00 ms.
Mono: successfully reloaded assembly
- Completed reload, in  1.622 seconds
Platform modules already initialized, skipping
Refreshing native plugins compatible for Editor in 1.05 ms, found 2 plugins.
Preloading 0 native plugins for Editor in 0.00 ms.
Unloading 5508 Unused Serialized files (Serialized files now loaded: 0)
System memory in use before: 225.4 MB.
System memory in use after: 223.1 MB.

Unloading 49 unused Assets to reduce memory usage. Loaded Objects now: 6296.
Total: 8.323200 ms (FindLiveObjects: 0.559600 ms CreateObjectMapping: 0.534400 ms MarkObjects: 4.486200 ms  DeleteObjects: 2.741700 ms)

========================================================================
Received Prepare
Registering precompiled user dll's ...
Registered in 0.008921 seconds.
Begin MonoManager ReloadAssembly
Native extension for LinuxStandalone target not found
Native extension for WindowsStandalone target not found
Native extension for OSXStandalone target not found
Native extension for WebGL target not found
Refreshing native plugins compatible for Editor in 1.08 ms, found 2 plugins.
Preloading 0 native plugins for Editor in 0.00 ms.
Mono: successfully reloaded assembly
- Completed reload, in  1.649 seconds
Platform modules already initialized, skipping
Refreshing native plugins compatible for Editor in 0.98 ms, found 2 plugins.
Preloading 0 native plugins for Editor in 0.00 ms.
Unloading 5508 Unused Serialized files (Serialized files now loaded: 0)
System memory in use before: 225.4 MB.
System memory in use after: 223.1 MB.

Unloading 49 unused Assets to reduce memory usage. Loaded Objects now: 6299.
Total: 5.708100 ms (FindLiveObjects: 0.467100 ms CreateObjectMapping: 0.339900 ms MarkObjects: 3.097900 ms  DeleteObjects: 1.801800 ms)

