Using pre-set license
Built from '2021.1/staging' branch; Version is '2021.1.5f1 (3737af19df53) revision 3618735'; Using compiler version '192528614'; Build Type 'Release'
OS: 'Windows 10 Home; OS build 22621.674; Version 2009; 64bit' Language: 'en' Physical Memory: 16221 MB
BatchMode: 1, IsHumanControllingUs: 0, StartBugReporterOnCrash: 0, Is64bit: 1, IsPro: 0

 COMMAND LINE ARGUMENTS:
C:\Program Files\Unity\Hub\Editor\2021.1.5f1\Editor\Unity.exe
-adb2
-batchMode
-noUpm
-name
AssetImportWorker2
-projectPath
C:/Users/devis/Project Firestorm
-logFile
Logs/AssetImportWorker2.log
-srvPort
50272
Successfully changed project path to: C:/Users/devis/Project Firestorm
C:/Users/devis/Project Firestorm
Using Asset Import Pipeline V2.
Refreshing native plugins compatible for Editor in 254.18 ms, found 3 plugins.
Preloading 0 native plugins for Editor in 0.00 ms.
Initialize engine version: 2021.1.5f1 (3737af19df53)
[Subsystems] Discovering subsystems at path C:/Program Files/Unity/Hub/Editor/2021.1.5f1/Editor/Data/Resources/UnitySubsystems
[Subsystems] Discovering subsystems at path C:/Users/devis/Project Firestorm/Assets
GfxDevice: creating device client; threaded=0; jobified=0
Direct3D:
    Version:  Direct3D 11.0 [level 11.1]
    Renderer: NVIDIA GeForce GTX 1650 (ID=0x1f91)
    Vendor:   NVIDIA
    VRAM:     3962 MB
    Driver:   31.0.15.1694
Initialize mono
Mono path[0] = 'C:/Program Files/Unity/Hub/Editor/2021.1.5f1/Editor/Data/Managed'
Mono path[1] = 'C:/Program Files/Unity/Hub/Editor/2021.1.5f1/Editor/Data/MonoBleedingEdge/lib/mono/unityjit'
Mono config path = 'C:/Program Files/Unity/Hub/Editor/2021.1.5f1/Editor/Data/MonoBleedingEdge/etc'
Using monoOptions --debugger-agent=transport=dt_socket,embedding=1,server=y,suspend=n,address=127.0.0.1:56664
Begin MonoManager ReloadAssembly
Registering precompiled unity dll's ...
Register platform support module: C:/Program Files/Unity/Hub/Editor/2021.1.5f1/Editor/Data/PlaybackEngines/WebGLSupport/UnityEditor.WebGL.Extensions.dll
Register platform support module: C:/Program Files/Unity/Hub/Editor/2021.1.5f1/Editor/Data/PlaybackEngines/MacStandaloneSupport/UnityEditor.OSXStandalone.Extensions.dll
Register platform support module: C:/Program Files/Unity/Hub/Editor/2021.1.5f1/Editor/Data/PlaybackEngines/WindowsStandaloneSupport/UnityEditor.WindowsStandalone.Extensions.dll
Register platform support module: C:/Program Files/Unity/Hub/Editor/2021.1.5f1/Editor/Data/PlaybackEngines/LinuxStandaloneSupport/UnityEditor.LinuxStandalone.Extensions.dll
Registered in 0.002983 seconds.
Native extension for LinuxStandalone target not found
Native extension for WindowsStandalone target not found
Native extension for OSXStandalone target not found
Native extension for WebGL target not found
Refreshing native plugins compatible for Editor in 250.78 ms, found 3 plugins.
Preloading 0 native plugins for Editor in 0.00 ms.
Mono: successfully reloaded assembly
- Completed reload, in  2.179 seconds
Platform modules already initialized, skipping
Registering precompiled user dll's ...
Registered in 0.010898 seconds.
Begin MonoManager ReloadAssembly
Native extension for LinuxStandalone target not found
Native extension for WindowsStandalone target not found
Native extension for OSXStandalone target not found
Native extension for WebGL target not found
Refreshing native plugins compatible for Editor in 215.39 ms, found 3 plugins.
Preloading 0 native plugins for Editor in 0.00 ms.
Find all reader and writers took 135 milliseconds
Script Module: UnityEngine.UI.dll
Weave behaviours and messages took63 milliseconds
Find all reader and writers took 112 milliseconds
Script Module: Unity.ML-Agents.dll
Weave behaviours and messages took18 milliseconds
Find all reader and writers took 121 milliseconds
Script Module: Unity.RenderPipelines.Core.Runtime.dll
Weave behaviours and messages took59 milliseconds
Find all reader and writers took 122 milliseconds
Script Module: UnityEngine.TestRunner.dll
Weave behaviours and messages took17 milliseconds
Find all reader and writers took 140 milliseconds
Script Module: Unity.InputSystem.dll
Weave behaviours and messages took166 milliseconds
Find all reader and writers took 113 milliseconds
Script Module: Unity.VisualScripting.State.dll
Weave behaviours and messages took3 milliseconds
Find all reader and writers took 135 milliseconds
Script Module: Unity.VisualScripting.Flow.dll
Weave behaviours and messages took58 milliseconds
Find all reader and writers took 116 milliseconds
Script Module: Unity.VisualScripting.Core.dll
Weave behaviours and messages took99 milliseconds
Find all reader and writers took 126 milliseconds
Script Module: Unity.RenderPipelines.HighDefinition.Runtime.dll
Weave behaviours and messages took180 milliseconds
Find all reader and writers took 127 milliseconds
Script Module: Unity.TextMeshPro.dll
Weave behaviours and messages took55 milliseconds
Find all reader and writers took 105 milliseconds
Script Module: Unity.Burst.dll
Weave behaviours and messages took23 milliseconds
Find all reader and writers took 106 milliseconds
Script Module: Unity.ML-Agents.CommunicatorObjects.dll
Weave behaviours and messages took8 milliseconds
Find all reader and writers took 119 milliseconds
Script Module: Cinemachine.dll
Weave behaviours and messages took34 milliseconds
Find all reader and writers took 101 milliseconds
Script Module: Telepathy.dll
Weave behaviours and messages took3 milliseconds
Find all reader and writers took 98 milliseconds
Script Module: Unity.Timeline.dll
Weave behaviours and messages took19 milliseconds
Find all reader and writers took 110 milliseconds
Script Module: Unity.Mathematics.dll
Weave behaviours and messages took161 milliseconds
Find all reader and writers took 107 milliseconds
Script Module: Unity.VisualEffectGraph.Runtime.dll
Weave behaviours and messages took12 milliseconds
Find all reader and writers took 100 milliseconds
Script Module: Unity.Barracuda.dll
Weave behaviours and messages took54 milliseconds
Find all reader and writers took 108 milliseconds
Script Module: SimpleWebTransport.dll
Weave behaviours and messages took5 milliseconds
Find all reader and writers took 119 milliseconds
Script Module: kcp2k.dll
Weave behaviours and messages took3 milliseconds
Find all reader and writers took 112 milliseconds
Script Module: Unity.RenderPipelines.ShaderGraph.ShaderGraphLibrary.dll
Weave behaviours and messages took0 milliseconds
Find all reader and writers took 109 milliseconds
Script Module: Unity.RenderPipelines.Core.ShaderLibrary.dll
Weave behaviours and messages took0 milliseconds
Find all reader and writers took 134 milliseconds
Script Module: Unity.Barracuda.BurstBLAS.dll
Weave behaviours and messages took0 milliseconds
Find all reader and writers took 106 milliseconds
Script Module: Unity.Barracuda.iOSBLAS.dll
Weave behaviours and messages took0 milliseconds
Find all reader and writers took 123 milliseconds
Script Module: Unity.RenderPipelines.HighDefinition.Config.Runtime.dll
Weave behaviours and messages took0 milliseconds
Find all reader and writers took 108 milliseconds
Script Module: Unity.Barracuda.MacBLAS.dll
Weave behaviours and messages took0 milliseconds
Find all reader and writers took 148 milliseconds
Script Module: com.unity.cinemachine.editor.dll
Weave behaviours and messages took25 milliseconds
Find all reader and writers took 140 milliseconds
Script Module: VSSettingsProvider.dll
Weave behaviours and messages took0 milliseconds
Find all reader and writers took 132 milliseconds
Script Module: UnityEditor.TestRunner.dll
Weave behaviours and messages took26 milliseconds
Find all reader and writers took 130 milliseconds
Script Module: Unity.Toolchain.Win-x86_64-Linux-x86_64.dll
Weave behaviours and messages took0 milliseconds
Find all reader and writers took 123 milliseconds
Script Module: UnityEditor.UI.dll
Weave behaviours and messages took8 milliseconds
Find all reader and writers took 123 milliseconds
Script Module: Unity.ShaderGraph.Utilities.dll
Weave behaviours and messages took0 milliseconds
Find all reader and writers took 133 milliseconds
Script Module: Unity.Sysroot.Linux_x86_64.dll
Weave behaviours and messages took0 milliseconds
Find all reader and writers took 122 milliseconds
Script Module: Mirror.CompilerSymbols.dll
Weave behaviours and messages took0 milliseconds
Mono: successfully reloaded assembly
- Completed reload, in 15.057 seconds
Platform modules already initialized, skipping
========================================================================
Worker process is ready to serve import requests
Launched and connected shader compiler UnityShaderCompiler.exe after 0.11 seconds
Refreshing native plugins compatible for Editor in 1.26 ms, found 3 plugins.
Preloading 0 native plugins for Editor in 0.00 ms.
Unloading 6242 Unused Serialized files (Serialized files now loaded: 0)
System memory in use before: 261.6 MB.
System memory in use after: 259.2 MB.

Unloading 69 unused Assets to reduce memory usage. Loaded Objects now: 6661.
Total: 8.029400 ms (FindLiveObjects: 0.592800 ms CreateObjectMapping: 0.443200 ms MarkObjects: 4.633900 ms  DeleteObjects: 2.357900 ms)

========================================================================
Received Import Request.
  path: Assets/New Terrain 2.asset
  artifactKey: Guid(1deb7bc6e113ac24ba1b4ac112319798) Importer(815301076,1909f56bfc062723c751e8b465ee728b)
Start importing Assets/New Terrain 2.asset using Guid(1deb7bc6e113ac24ba1b4ac112319798) Importer(815301076,1909f56bfc062723c751e8b465ee728b)  -> (artifact id: '34930b3c39f3f9a259ca76a04920b688') in 0.042369 seconds 
========================================================================
Received Import Request.
  Time since last request: 3.128354 seconds.
  path: ProjectSettings/TagManager.asset
  artifactKey: Guid(00000000000000003000000000000000) Importer(815301076,1909f56bfc062723c751e8b465ee728b)
Start importing ProjectSettings/TagManager.asset using Guid(00000000000000003000000000000000) Importer(815301076,1909f56bfc062723c751e8b465ee728b)  -> (artifact id: 'cd4eb7c29f952ae80af4702dcf2cba3e') in 0.007235 seconds 
========================================================================
Received Prepare
Registering precompiled user dll's ...
Registered in 0.012453 seconds.
Begin MonoManager ReloadAssembly
Native extension for LinuxStandalone target not found
Native extension for WindowsStandalone target not found
Native extension for OSXStandalone target not found
Native extension for WebGL target not found
Refreshing native plugins compatible for Editor in 2.70 ms, found 3 plugins.
Preloading 0 native plugins for Editor in 0.00 ms.
Mono: successfully reloaded assembly
- Completed reload, in  2.947 seconds
Platform modules already initialized, skipping
Refreshing native plugins compatible for Editor in 1.35 ms, found 3 plugins.
Preloading 0 native plugins for Editor in 0.00 ms.
Unloading 5979 Unused Serialized files (Serialized files now loaded: 0)
System memory in use before: 248.7 MB.
System memory in use after: 246.3 MB.

Unloading 63 unused Assets to reduce memory usage. Loaded Objects now: 6664.
Total: 6.446000 ms (FindLiveObjects: 0.543400 ms CreateObjectMapping: 0.510300 ms MarkObjects: 3.567500 ms  DeleteObjects: 1.822200 ms)

========================================================================
Received Prepare
Refreshing native plugins compatible for Editor in 8.58 ms, found 3 plugins.
Preloading 0 native plugins for Editor in 0.00 ms.
Unloading 60 Unused Serialized files (Serialized files now loaded: 0)
System memory in use before: 131.2 MB.
System memory in use after: 128.8 MB.

Unloading 60 unused Assets to reduce memory usage. Loaded Objects now: 6664.
Total: 7.016000 ms (FindLiveObjects: 0.604700 ms CreateObjectMapping: 0.537800 ms MarkObjects: 3.795400 ms  DeleteObjects: 2.076400 ms)

========================================================================
Received Import Request.
  Time since last request: 713.039154 seconds.
  path: Assets/Scenes/SpecOps.unity
  artifactKey: Guid(65be1a769cd09e842a961b89da1a57b1) Importer(815301076,1909f56bfc062723c751e8b465ee728b)
Start importing Assets/Scenes/SpecOps.unity using Guid(65be1a769cd09e842a961b89da1a57b1) Importer(815301076,1909f56bfc062723c751e8b465ee728b)  -> (artifact id: 'b18b635ffa59daae7b6b07010a029c4d') in 0.040375 seconds 
========================================================================
Received Prepare
Registering precompiled user dll's ...
Registered in 0.010362 seconds.
Begin MonoManager ReloadAssembly
Native extension for LinuxStandalone target not found
Native extension for WindowsStandalone target not found
Native extension for OSXStandalone target not found
Native extension for WebGL target not found
Refreshing native plugins compatible for Editor in 1.26 ms, found 3 plugins.
Preloading 0 native plugins for Editor in 0.00 ms.
Mono: successfully reloaded assembly
- Completed reload, in  1.862 seconds
Platform modules already initialized, skipping
Refreshing native plugins compatible for Editor in 1.38 ms, found 3 plugins.
Preloading 0 native plugins for Editor in 0.00 ms.
Unloading 5979 Unused Serialized files (Serialized files now loaded: 0)
System memory in use before: 248.8 MB.
System memory in use after: 246.4 MB.

Unloading 62 unused Assets to reduce memory usage. Loaded Objects now: 6667.
Total: 8.086000 ms (FindLiveObjects: 0.589100 ms CreateObjectMapping: 0.568600 ms MarkObjects: 5.138900 ms  DeleteObjects: 1.787600 ms)

========================================================================
Received Import Request.
  Time since last request: 61.438150 seconds.
  path: Assets/Scenes/SpecOps.unity
  artifactKey: Guid(65be1a769cd09e842a961b89da1a57b1) Importer(815301076,1909f56bfc062723c751e8b465ee728b)
Start importing Assets/Scenes/SpecOps.unity using Guid(65be1a769cd09e842a961b89da1a57b1) Importer(815301076,1909f56bfc062723c751e8b465ee728b)  -> (artifact id: 'a23bf64099a860fcb8e73c0d3a844601') in 0.025670 seconds 
========================================================================
Received Import Request.
  Time since last request: 1.400621 seconds.
  path: Assets/Scenes/SurvivalDemoMap.unity
  artifactKey: Guid(798c8718e27c1ba438bdd623b32b0462) Importer(815301076,1909f56bfc062723c751e8b465ee728b)
Start importing Assets/Scenes/SurvivalDemoMap.unity using Guid(798c8718e27c1ba438bdd623b32b0462) Importer(815301076,1909f56bfc062723c751e8b465ee728b)  -> (artifact id: 'c534d232eb26c26080a1bbeeebc2ab8b') in 0.007059 seconds 
========================================================================
Received Prepare
Registering precompiled user dll's ...
Registered in 0.008263 seconds.
Begin MonoManager ReloadAssembly
Native extension for LinuxStandalone target not found
Native extension for WindowsStandalone target not found
Native extension for OSXStandalone target not found
Native extension for WebGL target not found
Refreshing native plugins compatible for Editor in 1.14 ms, found 3 plugins.
Preloading 0 native plugins for Editor in 0.00 ms.
Mono: successfully reloaded assembly
- Completed reload, in  1.740 seconds
Platform modules already initialized, skipping
Refreshing native plugins compatible for Editor in 1.24 ms, found 3 plugins.
Preloading 0 native plugins for Editor in 0.00 ms.
Unloading 5979 Unused Serialized files (Serialized files now loaded: 0)
System memory in use before: 248.8 MB.
System memory in use after: 246.5 MB.

Unloading 62 unused Assets to reduce memory usage. Loaded Objects now: 6670.
Total: 6.500600 ms (FindLiveObjects: 0.552800 ms CreateObjectMapping: 0.500000 ms MarkObjects: 3.486100 ms  DeleteObjects: 1.960000 ms)

========================================================================
Received Prepare
Registering precompiled user dll's ...
Registered in 0.008264 seconds.
Begin MonoManager ReloadAssembly
Native extension for LinuxStandalone target not found
Native extension for WindowsStandalone target not found
Native extension for OSXStandalone target not found
Native extension for WebGL target not found
Refreshing native plugins compatible for Editor in 1.29 ms, found 3 plugins.
Preloading 0 native plugins for Editor in 0.00 ms.
Mono: successfully reloaded assembly
- Completed reload, in  1.845 seconds
Platform modules already initialized, skipping
Refreshing native plugins compatible for Editor in 1.27 ms, found 3 plugins.
Preloading 0 native plugins for Editor in 0.00 ms.
Unloading 5979 Unused Serialized files (Serialized files now loaded: 0)
System memory in use before: 248.9 MB.
System memory in use after: 246.5 MB.

Unloading 62 unused Assets to reduce memory usage. Loaded Objects now: 6673.
Total: 7.862700 ms (FindLiveObjects: 0.536400 ms CreateObjectMapping: 0.512100 ms MarkObjects: 4.851000 ms  DeleteObjects: 1.961400 ms)

========================================================================
Received Import Request.
  Time since last request: 251.109146 seconds.
  path: Assets/Scenes/SpecOps.unity
  artifactKey: Guid(65be1a769cd09e842a961b89da1a57b1) Importer(815301076,1909f56bfc062723c751e8b465ee728b)
Start importing Assets/Scenes/SpecOps.unity using Guid(65be1a769cd09e842a961b89da1a57b1) Importer(815301076,1909f56bfc062723c751e8b465ee728b)  -> (artifact id: '8c61f922ba19ae5c63b4e7f9d2f08fa2') in 0.016945 seconds 
========================================================================
Received Prepare
Registering precompiled user dll's ...
Registered in 0.008258 seconds.
Begin MonoManager ReloadAssembly
Native extension for LinuxStandalone target not found
Native extension for WindowsStandalone target not found
Native extension for OSXStandalone target not found
Native extension for WebGL target not found
Refreshing native plugins compatible for Editor in 1.24 ms, found 3 plugins.
Preloading 0 native plugins for Editor in 0.00 ms.
Mono: successfully reloaded assembly
- Completed reload, in  1.879 seconds
Platform modules already initialized, skipping
Refreshing native plugins compatible for Editor in 1.21 ms, found 3 plugins.
Preloading 0 native plugins for Editor in 0.00 ms.
Unloading 5979 Unused Serialized files (Serialized files now loaded: 0)
System memory in use before: 248.9 MB.
System memory in use after: 246.5 MB.

Unloading 62 unused Assets to reduce memory usage. Loaded Objects now: 6676.
Total: 6.152000 ms (FindLiveObjects: 0.512000 ms CreateObjectMapping: 0.412100 ms MarkObjects: 3.244300 ms  DeleteObjects: 1.982500 ms)

========================================================================
Received Prepare
Registering precompiled user dll's ...
Registered in 0.134166 seconds.
Begin MonoManager ReloadAssembly
Native extension for LinuxStandalone target not found
Native extension for WindowsStandalone target not found
Native extension for OSXStandalone target not found
Native extension for WebGL target not found
Refreshing native plugins compatible for Editor in 1.21 ms, found 3 plugins.
Preloading 0 native plugins for Editor in 0.00 ms.
Mono: successfully reloaded assembly
- Completed reload, in  2.245 seconds
Platform modules already initialized, skipping
Refreshing native plugins compatible for Editor in 1.18 ms, found 3 plugins.
Preloading 0 native plugins for Editor in 0.00 ms.
Unloading 5979 Unused Serialized files (Serialized files now loaded: 0)
System memory in use before: 248.9 MB.
System memory in use after: 246.5 MB.

Unloading 62 unused Assets to reduce memory usage. Loaded Objects now: 6679.
Total: 8.813900 ms (FindLiveObjects: 0.911700 ms CreateObjectMapping: 0.428800 ms MarkObjects: 4.947700 ms  DeleteObjects: 2.524100 ms)

========================================================================
Received Prepare
Registering precompiled user dll's ...
Registered in 0.012100 seconds.
Begin MonoManager ReloadAssembly
Native extension for LinuxStandalone target not found
Native extension for WindowsStandalone target not found
Native extension for OSXStandalone target not found
Native extension for WebGL target not found
Refreshing native plugins compatible for Editor in 1.98 ms, found 3 plugins.
Preloading 0 native plugins for Editor in 0.00 ms.
Mono: successfully reloaded assembly
- Completed reload, in  3.299 seconds
Platform modules already initialized, skipping
Refreshing native plugins compatible for Editor in 1.31 ms, found 3 plugins.
Preloading 0 native plugins for Editor in 0.00 ms.
Unloading 5979 Unused Serialized files (Serialized files now loaded: 0)
System memory in use before: 248.9 MB.
System memory in use after: 246.6 MB.

Unloading 62 unused Assets to reduce memory usage. Loaded Objects now: 6682.
Total: 7.464500 ms (FindLiveObjects: 0.862200 ms CreateObjectMapping: 0.613800 ms MarkObjects: 3.376900 ms  DeleteObjects: 2.609600 ms)

========================================================================
Received Prepare
Refreshing native plugins compatible for Editor in 9.64 ms, found 3 plugins.
Preloading 0 native plugins for Editor in 0.00 ms.
Unloading 60 Unused Serialized files (Serialized files now loaded: 0)
System memory in use before: 131.5 MB.
System memory in use after: 129.1 MB.

Unloading 60 unused Assets to reduce memory usage. Loaded Objects now: 6682.
Total: 6.911200 ms (FindLiveObjects: 0.584100 ms CreateObjectMapping: 0.581000 ms MarkObjects: 3.623500 ms  DeleteObjects: 2.121100 ms)

========================================================================
Received Prepare
Registering precompiled user dll's ...
Registered in 0.012027 seconds.
Begin MonoManager ReloadAssembly
Native extension for LinuxStandalone target not found
Native extension for WindowsStandalone target not found
Native extension for OSXStandalone target not found
Native extension for WebGL target not found
Refreshing native plugins compatible for Editor in 1.29 ms, found 3 plugins.
Preloading 0 native plugins for Editor in 0.00 ms.
Mono: successfully reloaded assembly
- Completed reload, in  1.699 seconds
Platform modules already initialized, skipping
Refreshing native plugins compatible for Editor in 1.24 ms, found 3 plugins.
Preloading 0 native plugins for Editor in 0.00 ms.
Unloading 5979 Unused Serialized files (Serialized files now loaded: 0)
System memory in use before: 248.9 MB.
System memory in use after: 246.6 MB.

Unloading 62 unused Assets to reduce memory usage. Loaded Objects now: 6685.
Total: 6.911900 ms (FindLiveObjects: 0.637400 ms CreateObjectMapping: 0.449300 ms MarkObjects: 3.672300 ms  DeleteObjects: 2.151300 ms)

========================================================================
Received Prepare
Registering precompiled user dll's ...
Registered in 0.011358 seconds.
Begin MonoManager ReloadAssembly
Native extension for LinuxStandalone target not found
Native extension for WindowsStandalone target not found
Native extension for OSXStandalone target not found
Native extension for WebGL target not found
Refreshing native plugins compatible for Editor in 1.39 ms, found 3 plugins.
Preloading 0 native plugins for Editor in 0.00 ms.
Mono: successfully reloaded assembly
- Completed reload, in  1.705 seconds
Platform modules already initialized, skipping
Refreshing native plugins compatible for Editor in 1.38 ms, found 3 plugins.
Preloading 0 native plugins for Editor in 0.00 ms.
Unloading 5979 Unused Serialized files (Serialized files now loaded: 0)
System memory in use before: 248.9 MB.
System memory in use after: 246.6 MB.

Unloading 62 unused Assets to reduce memory usage. Loaded Objects now: 6688.
Total: 9.141400 ms (FindLiveObjects: 0.524900 ms CreateObjectMapping: 0.504100 ms MarkObjects: 5.545900 ms  DeleteObjects: 2.564300 ms)

========================================================================
Received Prepare
Registering precompiled user dll's ...
Registered in 0.008016 seconds.
Begin MonoManager ReloadAssembly
Native extension for LinuxStandalone target not found
Native extension for WindowsStandalone target not found
Native extension for OSXStandalone target not found
Native extension for WebGL target not found
Refreshing native plugins compatible for Editor in 1.15 ms, found 3 plugins.
Preloading 0 native plugins for Editor in 0.00 ms.
Mono: successfully reloaded assembly
- Completed reload, in  1.702 seconds
Platform modules already initialized, skipping
Refreshing native plugins compatible for Editor in 1.27 ms, found 3 plugins.
Preloading 0 native plugins for Editor in 0.00 ms.
Unloading 5979 Unused Serialized files (Serialized files now loaded: 0)
System memory in use before: 248.9 MB.
System memory in use after: 246.6 MB.

Unloading 62 unused Assets to reduce memory usage. Loaded Objects now: 6691.
Total: 7.643000 ms (FindLiveObjects: 0.624200 ms CreateObjectMapping: 0.655300 ms MarkObjects: 4.555500 ms  DeleteObjects: 1.806800 ms)

========================================================================
Received Prepare
Registering precompiled user dll's ...
Registered in 0.007966 seconds.
Begin MonoManager ReloadAssembly
Native extension for LinuxStandalone target not found
Native extension for WindowsStandalone target not found
Native extension for OSXStandalone target not found
Native extension for WebGL target not found
Refreshing native plugins compatible for Editor in 1.13 ms, found 3 plugins.
Preloading 0 native plugins for Editor in 0.00 ms.
Mono: successfully reloaded assembly
- Completed reload, in  1.661 seconds
Platform modules already initialized, skipping
Refreshing native plugins compatible for Editor in 1.17 ms, found 3 plugins.
Preloading 0 native plugins for Editor in 0.00 ms.
Unloading 5979 Unused Serialized files (Serialized files now loaded: 0)
System memory in use before: 248.9 MB.
System memory in use after: 246.6 MB.

Unloading 62 unused Assets to reduce memory usage. Loaded Objects now: 6694.
Total: 7.590500 ms (FindLiveObjects: 0.842100 ms CreateObjectMapping: 0.775200 ms MarkObjects: 3.844000 ms  DeleteObjects: 2.127800 ms)

========================================================================
Received Prepare
Registering precompiled user dll's ...
Registered in 0.008665 seconds.
Begin MonoManager ReloadAssembly
Native extension for LinuxStandalone target not found
Native extension for WindowsStandalone target not found
Native extension for OSXStandalone target not found
Native extension for WebGL target not found
Refreshing native plugins compatible for Editor in 2.06 ms, found 3 plugins.
Preloading 0 native plugins for Editor in 0.00 ms.
Mono: successfully reloaded assembly
- Completed reload, in  1.800 seconds
Platform modules already initialized, skipping
Refreshing native plugins compatible for Editor in 1.18 ms, found 3 plugins.
Preloading 0 native plugins for Editor in 0.00 ms.
Unloading 5979 Unused Serialized files (Serialized files now loaded: 0)
System memory in use before: 249.0 MB.
System memory in use after: 246.6 MB.

Unloading 62 unused Assets to reduce memory usage. Loaded Objects now: 6697.
Total: 8.426000 ms (FindLiveObjects: 0.608400 ms CreateObjectMapping: 0.499100 ms MarkObjects: 4.360900 ms  DeleteObjects: 2.955000 ms)

========================================================================
Received Prepare
Registering precompiled user dll's ...
Registered in 0.008879 seconds.
Begin MonoManager ReloadAssembly
Native extension for LinuxStandalone target not found
Native extension for WindowsStandalone target not found
Native extension for OSXStandalone target not found
Native extension for WebGL target not found
Refreshing native plugins compatible for Editor in 1.79 ms, found 3 plugins.
Preloading 0 native plugins for Editor in 0.00 ms.
Mono: successfully reloaded assembly
- Completed reload, in  1.673 seconds
Platform modules already initialized, skipping
Refreshing native plugins compatible for Editor in 1.17 ms, found 3 plugins.
Preloading 0 native plugins for Editor in 0.00 ms.
Unloading 5979 Unused Serialized files (Serialized files now loaded: 0)
System memory in use before: 249.0 MB.
System memory in use after: 246.6 MB.

Unloading 62 unused Assets to reduce memory usage. Loaded Objects now: 6700.
Total: 6.538200 ms (FindLiveObjects: 0.496700 ms CreateObjectMapping: 0.348200 ms MarkObjects: 3.763800 ms  DeleteObjects: 1.928400 ms)

========================================================================
Received Prepare
Registering precompiled user dll's ...
Registered in 0.009019 seconds.
Begin MonoManager ReloadAssembly
Native extension for LinuxStandalone target not found
Native extension for WindowsStandalone target not found
Native extension for OSXStandalone target not found
Native extension for WebGL target not found
Refreshing native plugins compatible for Editor in 1.46 ms, found 3 plugins.
Preloading 0 native plugins for Editor in 0.00 ms.
Mono: successfully reloaded assembly
- Completed reload, in  1.889 seconds
Platform modules already initialized, skipping
Refreshing native plugins compatible for Editor in 1.25 ms, found 3 plugins.
Preloading 0 native plugins for Editor in 0.00 ms.
Unloading 5979 Unused Serialized files (Serialized files now loaded: 0)
System memory in use before: 249.0 MB.
System memory in use after: 246.6 MB.

Unloading 62 unused Assets to reduce memory usage. Loaded Objects now: 6703.
Total: 7.183700 ms (FindLiveObjects: 0.516900 ms CreateObjectMapping: 0.374100 ms MarkObjects: 3.796300 ms  DeleteObjects: 2.494900 ms)

========================================================================
Received Prepare
Registering precompiled user dll's ...
Registered in 0.009119 seconds.
Begin MonoManager ReloadAssembly
Native extension for LinuxStandalone target not found
Native extension for WindowsStandalone target not found
Native extension for OSXStandalone target not found
Native extension for WebGL target not found
Refreshing native plugins compatible for Editor in 1.80 ms, found 3 plugins.
Preloading 0 native plugins for Editor in 0.00 ms.
Mono: successfully reloaded assembly
- Completed reload, in  1.804 seconds
Platform modules already initialized, skipping
Refreshing native plugins compatible for Editor in 1.24 ms, found 3 plugins.
Preloading 0 native plugins for Editor in 0.00 ms.
Unloading 5979 Unused Serialized files (Serialized files now loaded: 0)
System memory in use before: 249.0 MB.
System memory in use after: 246.6 MB.

Unloading 62 unused Assets to reduce memory usage. Loaded Objects now: 6706.
Total: 8.188000 ms (FindLiveObjects: 0.585300 ms CreateObjectMapping: 0.495800 ms MarkObjects: 5.183000 ms  DeleteObjects: 1.921600 ms)

========================================================================
Received Prepare
Registering precompiled user dll's ...
Registered in 0.009115 seconds.
Begin MonoManager ReloadAssembly
Native extension for LinuxStandalone target not found
Native extension for WindowsStandalone target not found
Native extension for OSXStandalone target not found
Native extension for WebGL target not found
Refreshing native plugins compatible for Editor in 1.15 ms, found 3 plugins.
Preloading 0 native plugins for Editor in 0.00 ms.
Mono: successfully reloaded assembly
- Completed reload, in  1.643 seconds
Platform modules already initialized, skipping
Refreshing native plugins compatible for Editor in 1.31 ms, found 3 plugins.
Preloading 0 native plugins for Editor in 0.00 ms.
Unloading 5979 Unused Serialized files (Serialized files now loaded: 0)
System memory in use before: 249.0 MB.
System memory in use after: 246.6 MB.

Unloading 62 unused Assets to reduce memory usage. Loaded Objects now: 6709.
Total: 8.066500 ms (FindLiveObjects: 0.534600 ms CreateObjectMapping: 0.358100 ms MarkObjects: 4.727000 ms  DeleteObjects: 2.445500 ms)

========================================================================
Received Prepare
Registering precompiled user dll's ...
Registered in 0.009477 seconds.
Begin MonoManager ReloadAssembly
Native extension for LinuxStandalone target not found
Native extension for WindowsStandalone target not found
Native extension for OSXStandalone target not found
Native extension for WebGL target not found
Refreshing native plugins compatible for Editor in 1.29 ms, found 3 plugins.
Preloading 0 native plugins for Editor in 0.00 ms.
Mono: successfully reloaded assembly
- Completed reload, in  1.825 seconds
Platform modules already initialized, skipping
Refreshing native plugins compatible for Editor in 1.23 ms, found 3 plugins.
Preloading 0 native plugins for Editor in 0.00 ms.
Unloading 5979 Unused Serialized files (Serialized files now loaded: 0)
System memory in use before: 249.0 MB.
System memory in use after: 246.6 MB.

Unloading 62 unused Assets to reduce memory usage. Loaded Objects now: 6712.
Total: 8.612200 ms (FindLiveObjects: 0.930900 ms CreateObjectMapping: 0.770800 ms MarkObjects: 4.194200 ms  DeleteObjects: 2.706900 ms)

========================================================================
Received Prepare
Registering precompiled user dll's ...
Registered in 0.010165 seconds.
Begin MonoManager ReloadAssembly
Native extension for LinuxStandalone target not found
Native extension for WindowsStandalone target not found
Native extension for OSXStandalone target not found
Native extension for WebGL target not found
Refreshing native plugins compatible for Editor in 1.24 ms, found 3 plugins.
Preloading 0 native plugins for Editor in 0.00 ms.
Mono: successfully reloaded assembly
- Completed reload, in  1.730 seconds
Platform modules already initialized, skipping
Refreshing native plugins compatible for Editor in 1.56 ms, found 3 plugins.
Preloading 0 native plugins for Editor in 0.00 ms.
Unloading 5979 Unused Serialized files (Serialized files now loaded: 0)
System memory in use before: 249.0 MB.
System memory in use after: 246.7 MB.

Unloading 62 unused Assets to reduce memory usage. Loaded Objects now: 6715.
Total: 7.322900 ms (FindLiveObjects: 0.646300 ms CreateObjectMapping: 0.582000 ms MarkObjects: 3.876600 ms  DeleteObjects: 2.216300 ms)

AssetImportWorkerClient::OnTransportError - code=2 error=End of file
